<?xml version="1.0" encoding="UTF-8"?>
<testsuite xmlns:xsi="http://www.w3.org/2001/XMLSchema-instance" xsi:noNamespaceSchemaLocation="https://maven.apache.org/surefire/maven-surefire-plugin/xsd/surefire-test-report.xsd" name="TestSuite" time="32.328" tests="1" errors="0" skipped="0" failures="0">
  <properties>
    <property name="gopherProxySet" value="false"/>
    <property name="awt.toolkit" value="sun.lwawt.macosx.LWCToolkit"/>
    <property name="geb.build.reportsDir" value="target/test-reports/geb"/>
    <property name="file.encoding.pkg" value="sun.io"/>
    <property name="java.specification.version" value="1.8"/>
    <property name="sun.cpu.isalist" value=""/>
    <property name="sun.jnu.encoding" value="UTF-8"/>
    <property name="java.class.path" value="/Users/nithyamani/Desktop/MyProjects/cucumber_testng_browserstack/target/test-classes:/Users/nithyamani/Desktop/MyProjects/cucumber_testng_browserstack/target/classes:/Users/nithyamani/.m2/repository/io/cucumber/cucumber-java/4.7.1/cucumber-java-4.7.1.jar:/Users/nithyamani/.m2/repository/io/cucumber/cucumber-core/4.7.1/cucumber-core-4.7.1.jar:/Users/nithyamani/.m2/repository/io/cucumber/gherkin/5.1.0/gherkin-5.1.0.jar:/Users/nithyamani/.m2/repository/io/cucumber/tag-expressions/1.1.1/tag-expressions-1.1.1.jar:/Users/nithyamani/.m2/repository/io/cucumber/cucumber-expressions/7.0.2/cucumber-expressions-7.0.2.jar:/Users/nithyamani/.m2/repository/io/cucumber/datatable/1.1.14/datatable-1.1.14.jar:/Users/nithyamani/.m2/repository/io/cucumber/datatable-dependencies/1.1.14/datatable-dependencies-1.1.14.jar:/Users/nithyamani/.m2/repository/org/apiguardian/apiguardian-api/1.1.0/apiguardian-api-1.1.0.jar:/Users/nithyamani/.m2/repository/org/testng/testng/6.14.3/testng-6.14.3.jar:/Users/nithyamani/.m2/repository/com/beust/jcommander/1.72/jcommander-1.72.jar:/Users/nithyamani/.m2/repository/org/apache-extras/beanshell/bsh/2.0b6/bsh-2.0b6.jar:/Users/nithyamani/.m2/repository/io/cucumber/cucumber-testng/4.7.1/cucumber-testng-4.7.1.jar:/Users/nithyamani/.m2/repository/junit/junit/4.12/junit-4.12.jar:/Users/nithyamani/.m2/repository/org/hamcrest/hamcrest-core/1.3/hamcrest-core-1.3.jar:/Users/nithyamani/.m2/repository/com/browserstack/browserstack-local-java/1.0.3/browserstack-local-java-1.0.3.jar:/Users/nithyamani/.m2/repository/commons-io/commons-io/1.3.2/commons-io-1.3.2.jar:/Users/nithyamani/.m2/repository/org/json/json/20160212/json-20160212.jar:/Users/nithyamani/.m2/repository/org/seleniumhq/selenium/selenium-java/3.14.0/selenium-java-3.14.0.jar:/Users/nithyamani/.m2/repository/org/seleniumhq/selenium/selenium-api/3.14.0/selenium-api-3.14.0.jar:/Users/nithyamani/.m2/repository/org/seleniumhq/selenium/selenium-chrome-driver/3.14.0/selenium-chrome-driver-3.14.0.jar:/Users/nithyamani/.m2/repository/org/seleniumhq/selenium/selenium-edge-driver/3.14.0/selenium-edge-driver-3.14.0.jar:/Users/nithyamani/.m2/repository/org/seleniumhq/selenium/selenium-firefox-driver/3.14.0/selenium-firefox-driver-3.14.0.jar:/Users/nithyamani/.m2/repository/org/seleniumhq/selenium/selenium-ie-driver/3.14.0/selenium-ie-driver-3.14.0.jar:/Users/nithyamani/.m2/repository/org/seleniumhq/selenium/selenium-opera-driver/3.14.0/selenium-opera-driver-3.14.0.jar:/Users/nithyamani/.m2/repository/org/seleniumhq/selenium/selenium-remote-driver/3.14.0/selenium-remote-driver-3.14.0.jar:/Users/nithyamani/.m2/repository/org/seleniumhq/selenium/selenium-safari-driver/3.14.0/selenium-safari-driver-3.14.0.jar:/Users/nithyamani/.m2/repository/org/seleniumhq/selenium/selenium-support/3.14.0/selenium-support-3.14.0.jar:/Users/nithyamani/.m2/repository/net/bytebuddy/byte-buddy/1.8.15/byte-buddy-1.8.15.jar:/Users/nithyamani/.m2/repository/org/apache/commons/commons-exec/1.3/commons-exec-1.3.jar:/Users/nithyamani/.m2/repository/commons-codec/commons-codec/1.10/commons-codec-1.10.jar:/Users/nithyamani/.m2/repository/commons-logging/commons-logging/1.2/commons-logging-1.2.jar:/Users/nithyamani/.m2/repository/com/google/guava/guava/25.0-jre/guava-25.0-jre.jar:/Users/nithyamani/.m2/repository/com/google/code/findbugs/jsr305/1.3.9/jsr305-1.3.9.jar:/Users/nithyamani/.m2/repository/org/checkerframework/checker-compat-qual/2.0.0/checker-compat-qual-2.0.0.jar:/Users/nithyamani/.m2/repository/com/google/errorprone/error_prone_annotations/2.1.3/error_prone_annotations-2.1.3.jar:/Users/nithyamani/.m2/repository/com/google/j2objc/j2objc-annotations/1.1/j2objc-annotations-1.1.jar:/Users/nithyamani/.m2/repository/org/codehaus/mojo/animal-sniffer-annotations/1.14/animal-sniffer-annotations-1.14.jar:/Users/nithyamani/.m2/repository/org/apache/httpcomponents/httpclient/4.5.5/httpclient-4.5.5.jar:/Users/nithyamani/.m2/repository/org/apache/httpcomponents/httpcore/4.4.9/httpcore-4.4.9.jar:/Users/nithyamani/.m2/repository/com/squareup/okhttp3/okhttp/3.10.0/okhttp-3.10.0.jar:/Users/nithyamani/.m2/repository/com/squareup/okio/okio/1.14.1/okio-1.14.1.jar:/Users/nithyamani/.m2/repository/info/cukes/cucumber-junit/1.2.5/cucumber-junit-1.2.5.jar:/Users/nithyamani/.m2/repository/info/cukes/cucumber-core/1.2.5/cucumber-core-1.2.5.jar:/Users/nithyamani/.m2/repository/info/cukes/cucumber-html/0.2.3/cucumber-html-0.2.3.jar:/Users/nithyamani/.m2/repository/info/cukes/gherkin/2.12.2/gherkin-2.12.2.jar:/Users/nithyamani/.m2/repository/info/cukes/cucumber-jvm-deps/1.0.5/cucumber-jvm-deps-1.0.5.jar:/Users/nithyamani/.m2/repository/org/apache/maven/surefire/surefire-testng-utils/2.22.0/surefire-testng-utils-2.22.0.jar:/Users/nithyamani/.m2/repository/org/apache/maven/surefire/surefire-grouper/2.22.0/surefire-grouper-2.22.0.jar:"/>
    <property name="java.vm.vendor" value="Oracle Corporation"/>
    <property name="sun.arch.data.model" value="64"/>
    <property name="java.vendor.url" value="http://java.oracle.com/"/>
    <property name="user.timezone" value=""/>
    <property name="user.country.format" value="IN"/>
    <property name="java.vm.specification.version" value="1.8"/>
    <property name="os.name" value="Mac OS X"/>
    <property name="user.country" value="GB"/>
    <property name="sun.java.launcher" value="SUN_STANDARD"/>
    <property name="sun.boot.library.path" value="/Library/Java/JavaVirtualMachines/jdk1.8.0_211.jdk/Contents/Home/jre/lib"/>
    <property name="sun.java.command" value="/Users/nithyamani/Desktop/MyProjects/cucumber_testng_browserstack/target/surefire/surefirebooter3987625894544185104.jar /Users/nithyamani/Desktop/MyProjects/cucumber_testng_browserstack/target/surefire 2020-02-21T16-03-22_993-jvmRun1 surefire3030633386377155107tmp surefire_03794227678669347710tmp"/>
    <property name="surefire.test.class.path" value="/Users/nithyamani/Desktop/MyProjects/cucumber_testng_browserstack/target/test-classes:/Users/nithyamani/Desktop/MyProjects/cucumber_testng_browserstack/target/classes:/Users/nithyamani/.m2/repository/io/cucumber/cucumber-java/4.7.1/cucumber-java-4.7.1.jar:/Users/nithyamani/.m2/repository/io/cucumber/cucumber-core/4.7.1/cucumber-core-4.7.1.jar:/Users/nithyamani/.m2/repository/io/cucumber/gherkin/5.1.0/gherkin-5.1.0.jar:/Users/nithyamani/.m2/repository/io/cucumber/tag-expressions/1.1.1/tag-expressions-1.1.1.jar:/Users/nithyamani/.m2/repository/io/cucumber/cucumber-expressions/7.0.2/cucumber-expressions-7.0.2.jar:/Users/nithyamani/.m2/repository/io/cucumber/datatable/1.1.14/datatable-1.1.14.jar:/Users/nithyamani/.m2/repository/io/cucumber/datatable-dependencies/1.1.14/datatable-dependencies-1.1.14.jar:/Users/nithyamani/.m2/repository/org/apiguardian/apiguardian-api/1.1.0/apiguardian-api-1.1.0.jar:/Users/nithyamani/.m2/repository/org/testng/testng/6.14.3/testng-6.14.3.jar:/Users/nithyamani/.m2/repository/com/beust/jcommander/1.72/jcommander-1.72.jar:/Users/nithyamani/.m2/repository/org/apache-extras/beanshell/bsh/2.0b6/bsh-2.0b6.jar:/Users/nithyamani/.m2/repository/io/cucumber/cucumber-testng/4.7.1/cucumber-testng-4.7.1.jar:/Users/nithyamani/.m2/repository/junit/junit/4.12/junit-4.12.jar:/Users/nithyamani/.m2/repository/org/hamcrest/hamcrest-core/1.3/hamcrest-core-1.3.jar:/Users/nithyamani/.m2/repository/com/browserstack/browserstack-local-java/1.0.3/browserstack-local-java-1.0.3.jar:/Users/nithyamani/.m2/repository/commons-io/commons-io/1.3.2/commons-io-1.3.2.jar:/Users/nithyamani/.m2/repository/org/json/json/20160212/json-20160212.jar:/Users/nithyamani/.m2/repository/org/seleniumhq/selenium/selenium-java/3.14.0/selenium-java-3.14.0.jar:/Users/nithyamani/.m2/repository/org/seleniumhq/selenium/selenium-api/3.14.0/selenium-api-3.14.0.jar:/Users/nithyamani/.m2/repository/org/seleniumhq/selenium/selenium-chrome-driver/3.14.0/selenium-chrome-driver-3.14.0.jar:/Users/nithyamani/.m2/repository/org/seleniumhq/selenium/selenium-edge-driver/3.14.0/selenium-edge-driver-3.14.0.jar:/Users/nithyamani/.m2/repository/org/seleniumhq/selenium/selenium-firefox-driver/3.14.0/selenium-firefox-driver-3.14.0.jar:/Users/nithyamani/.m2/repository/org/seleniumhq/selenium/selenium-ie-driver/3.14.0/selenium-ie-driver-3.14.0.jar:/Users/nithyamani/.m2/repository/org/seleniumhq/selenium/selenium-opera-driver/3.14.0/selenium-opera-driver-3.14.0.jar:/Users/nithyamani/.m2/repository/org/seleniumhq/selenium/selenium-remote-driver/3.14.0/selenium-remote-driver-3.14.0.jar:/Users/nithyamani/.m2/repository/org/seleniumhq/selenium/selenium-safari-driver/3.14.0/selenium-safari-driver-3.14.0.jar:/Users/nithyamani/.m2/repository/org/seleniumhq/selenium/selenium-support/3.14.0/selenium-support-3.14.0.jar:/Users/nithyamani/.m2/repository/net/bytebuddy/byte-buddy/1.8.15/byte-buddy-1.8.15.jar:/Users/nithyamani/.m2/repository/org/apache/commons/commons-exec/1.3/commons-exec-1.3.jar:/Users/nithyamani/.m2/repository/commons-codec/commons-codec/1.10/commons-codec-1.10.jar:/Users/nithyamani/.m2/repository/commons-logging/commons-logging/1.2/commons-logging-1.2.jar:/Users/nithyamani/.m2/repository/com/google/guava/guava/25.0-jre/guava-25.0-jre.jar:/Users/nithyamani/.m2/repository/com/google/code/findbugs/jsr305/1.3.9/jsr305-1.3.9.jar:/Users/nithyamani/.m2/repository/org/checkerframework/checker-compat-qual/2.0.0/checker-compat-qual-2.0.0.jar:/Users/nithyamani/.m2/repository/com/google/errorprone/error_prone_annotations/2.1.3/error_prone_annotations-2.1.3.jar:/Users/nithyamani/.m2/repository/com/google/j2objc/j2objc-annotations/1.1/j2objc-annotations-1.1.jar:/Users/nithyamani/.m2/repository/org/codehaus/mojo/animal-sniffer-annotations/1.14/animal-sniffer-annotations-1.14.jar:/Users/nithyamani/.m2/repository/org/apache/httpcomponents/httpclient/4.5.5/httpclient-4.5.5.jar:/Users/nithyamani/.m2/repository/org/apache/httpcomponents/httpcore/4.4.9/httpcore-4.4.9.jar:/Users/nithyamani/.m2/repository/com/squareup/okhttp3/okhttp/3.10.0/okhttp-3.10.0.jar:/Users/nithyamani/.m2/repository/com/squareup/okio/okio/1.14.1/okio-1.14.1.jar:/Users/nithyamani/.m2/repository/info/cukes/cucumber-junit/1.2.5/cucumber-junit-1.2.5.jar:/Users/nithyamani/.m2/repository/info/cukes/cucumber-core/1.2.5/cucumber-core-1.2.5.jar:/Users/nithyamani/.m2/repository/info/cukes/cucumber-html/0.2.3/cucumber-html-0.2.3.jar:/Users/nithyamani/.m2/repository/info/cukes/gherkin/2.12.2/gherkin-2.12.2.jar:/Users/nithyamani/.m2/repository/info/cukes/cucumber-jvm-deps/1.0.5/cucumber-jvm-deps-1.0.5.jar:/Users/nithyamani/.m2/repository/org/apache/maven/surefire/surefire-testng-utils/2.22.0/surefire-testng-utils-2.22.0.jar:/Users/nithyamani/.m2/repository/org/apache/maven/surefire/surefire-grouper/2.22.0/surefire-grouper-2.22.0.jar:"/>
    <property name="sun.cpu.endian" value="little"/>
    <property name="user.home" value="/Users/nithyamani"/>
    <property name="user.language" value="en"/>
    <property name="java.specification.vendor" value="Oracle Corporation"/>
    <property name="java.home" value="/Library/Java/JavaVirtualMachines/jdk1.8.0_211.jdk/Contents/Home/jre"/>
    <property name="basedir" value="/Users/nithyamani/Desktop/MyProjects/cucumber_testng_browserstack"/>
    <property name="file.separator" value="/"/>
    <property name="line.separator" value="&#10;"/>
    <property name="java.vm.specification.vendor" value="Oracle Corporation"/>
    <property name="java.specification.name" value="Java Platform API Specification"/>
    <property name="java.awt.graphicsenv" value="sun.awt.CGraphicsEnvironment"/>
    <property name="surefire.real.class.path" value="/Users/nithyamani/Desktop/MyProjects/cucumber_testng_browserstack/target/surefire/surefirebooter3987625894544185104.jar"/>
    <property name="sun.boot.class.path" value="/Library/Java/JavaVirtualMachines/jdk1.8.0_211.jdk/Contents/Home/jre/lib/resources.jar:/Library/Java/JavaVirtualMachines/jdk1.8.0_211.jdk/Contents/Home/jre/lib/rt.jar:/Library/Java/JavaVirtualMachines/jdk1.8.0_211.jdk/Contents/Home/jre/lib/sunrsasign.jar:/Library/Java/JavaVirtualMachines/jdk1.8.0_211.jdk/Contents/Home/jre/lib/jsse.jar:/Library/Java/JavaVirtualMachines/jdk1.8.0_211.jdk/Contents/Home/jre/lib/jce.jar:/Library/Java/JavaVirtualMachines/jdk1.8.0_211.jdk/Contents/Home/jre/lib/charsets.jar:/Library/Java/JavaVirtualMachines/jdk1.8.0_211.jdk/Contents/Home/jre/lib/jfr.jar:/Library/Java/JavaVirtualMachines/jdk1.8.0_211.jdk/Contents/Home/jre/classes"/>
    <property name="sun.management.compiler" value="HotSpot 64-Bit Tiered Compilers"/>
    <property name="java.runtime.version" value="1.8.0_211-b12"/>
    <property name="user.name" value="nithyamani"/>
    <property name="path.separator" value=":"/>
    <property name="os.version" value="10.15.2"/>
    <property name="java.endorsed.dirs" value="/Library/Java/JavaVirtualMachines/jdk1.8.0_211.jdk/Contents/Home/jre/lib/endorsed"/>
    <property name="java.runtime.name" value="Java(TM) SE Runtime Environment"/>
    <property name="file.encoding" value="UTF-8"/>
    <property name="java.vm.name" value="Java HotSpot(TM) 64-Bit Server VM"/>
    <property name="localRepository" value="/Users/nithyamani/.m2/repository"/>
    <property name="java.vendor.url.bug" value="http://bugreport.sun.com/bugreport/"/>
    <property name="java.io.tmpdir" value="/var/folders/qn/wwqq336s5m3gz17wjhn708400000gn/T/"/>
    <property name="java.version" value="1.8.0_211"/>
    <property name="user.dir" value="/Users/nithyamani/Desktop/MyProjects/cucumber_testng_browserstack"/>
    <property name="os.arch" value="x86_64"/>
    <property name="java.vm.specification.name" value="Java Virtual Machine Specification"/>
    <property name="java.awt.printerjob" value="sun.lwawt.macosx.CPrinterJob"/>
    <property name="sun.os.patch.level" value="unknown"/>
    <property name="java.library.path" value="/Users/nithyamani/Library/Java/Extensions:/Library/Java/Extensions:/Network/Library/Java/Extensions:/System/Library/Java/Extensions:/usr/lib/java:."/>
    <property name="java.vm.info" value="mixed mode"/>
    <property name="java.vendor" value="Oracle Corporation"/>
    <property name="java.vm.version" value="25.211-b12"/>
    <property name="java.ext.dirs" value="/Users/nithyamani/Library/Java/Extensions:/Library/Java/JavaVirtualMachines/jdk1.8.0_211.jdk/Contents/Home/jre/lib/ext:/Library/Java/Extensions:/Network/Library/Java/Extensions:/System/Library/Java/Extensions:/usr/lib/java"/>
    <property name="sun.io.unicode.encoding" value="UnicodeBig"/>
    <property name="java.class.version" value="52.0"/>
  </properties>
  <testcase name="runScenario" classname="local.RunCucumberLocalTest" time="21.926"/>
</testsuite>