<?xml version="1.0" encoding="UTF-8"?>
<testsuite xmlns:xsi="http://www.w3.org/2001/XMLSchema-instance" xsi:noNamespaceSchemaLocation="https://maven.apache.org/surefire/maven-surefire-plugin/xsd/surefire-test-report.xsd" name="TestSuite" time="44.996" tests="1" errors="0" skipped="0" failures="0">
  <properties>
    <property name="gopherProxySet" value="false"/>
    <property name="awt.toolkit" value="sun.lwawt.macosx.LWCToolkit"/>
    <property name="geb.build.reportsDir" value="target/test-reports/geb"/>
    <property name="file.encoding.pkg" value="sun.io"/>
    <property name="java.specification.version" value="1.8"/>
    <property name="sun.cpu.isalist" value=""/>
    <property name="sun.jnu.encoding" value="UTF-8"/>
    <property name="java.class.path" value="/Users/nithyamani/Desktop/MyProjects/cucumber_testng_browserstack/target/test-classes:/Users/nithyamani/Desktop/MyProjects/cucumber_testng_browserstack/target/classes:/Users/nithyamani/.m2/repository/org/testng/testng/6.9.10/testng-6.9.10.jar:/Users/nithyamani/.m2/repository/com/beust/jcommander/1.48/jcommander-1.48.jar:/Users/nithyamani/.m2/repository/org/beanshell/bsh/2.0b4/bsh-2.0b4.jar:/Users/nithyamani/.m2/repository/io/appium/java-client/4.1.2/java-client-4.1.2.jar:/Users/nithyamani/.m2/repository/com/google/code/gson/gson/2.7/gson-2.7.jar:/Users/nithyamani/.m2/repository/org/apache/httpcomponents/httpclient/4.5.2/httpclient-4.5.2.jar:/Users/nithyamani/.m2/repository/org/apache/httpcomponents/httpcore/4.4.4/httpcore-4.4.4.jar:/Users/nithyamani/.m2/repository/commons-logging/commons-logging/1.2/commons-logging-1.2.jar:/Users/nithyamani/.m2/repository/commons-codec/commons-codec/1.9/commons-codec-1.9.jar:/Users/nithyamani/.m2/repository/com/google/guava/guava/19.0/guava-19.0.jar:/Users/nithyamani/.m2/repository/commons-validator/commons-validator/1.5.1/commons-validator-1.5.1.jar:/Users/nithyamani/.m2/repository/commons-beanutils/commons-beanutils/1.9.2/commons-beanutils-1.9.2.jar:/Users/nithyamani/.m2/repository/commons-digester/commons-digester/1.8.1/commons-digester-1.8.1.jar:/Users/nithyamani/.m2/repository/commons-collections/commons-collections/3.2.2/commons-collections-3.2.2.jar:/Users/nithyamani/.m2/repository/org/apache/commons/commons-lang3/3.4/commons-lang3-3.4.jar:/Users/nithyamani/.m2/repository/cglib/cglib-nodep/3.2.4/cglib-nodep-3.2.4.jar:/Users/nithyamani/.m2/repository/org/springframework/spring-context/4.3.2.RELEASE/spring-context-4.3.2.RELEASE.jar:/Users/nithyamani/.m2/repository/org/springframework/spring-aop/4.3.2.RELEASE/spring-aop-4.3.2.RELEASE.jar:/Users/nithyamani/.m2/repository/org/springframework/spring-beans/4.3.2.RELEASE/spring-beans-4.3.2.RELEASE.jar:/Users/nithyamani/.m2/repository/org/springframework/spring-core/4.3.2.RELEASE/spring-core-4.3.2.RELEASE.jar:/Users/nithyamani/.m2/repository/org/springframework/spring-expression/4.3.2.RELEASE/spring-expression-4.3.2.RELEASE.jar:/Users/nithyamani/.m2/repository/org/aspectj/aspectjweaver/1.8.9/aspectjweaver-1.8.9.jar:/Users/nithyamani/.m2/repository/commons-io/commons-io/1.3.2/commons-io-1.3.2.jar:/Users/nithyamani/.m2/repository/org/seleniumhq/selenium/selenium-java/2.52.0/selenium-java-2.52.0.jar:/Users/nithyamani/.m2/repository/org/seleniumhq/selenium/selenium-chrome-driver/2.52.0/selenium-chrome-driver-2.52.0.jar:/Users/nithyamani/.m2/repository/org/seleniumhq/selenium/selenium-remote-driver/2.52.0/selenium-remote-driver-2.52.0.jar:/Users/nithyamani/.m2/repository/org/seleniumhq/selenium/selenium-api/2.52.0/selenium-api-2.52.0.jar:/Users/nithyamani/.m2/repository/org/seleniumhq/selenium/selenium-edge-driver/2.52.0/selenium-edge-driver-2.52.0.jar:/Users/nithyamani/.m2/repository/org/apache/commons/commons-exec/1.3/commons-exec-1.3.jar:/Users/nithyamani/.m2/repository/org/seleniumhq/selenium/selenium-htmlunit-driver/2.52.0/selenium-htmlunit-driver-2.52.0.jar:/Users/nithyamani/.m2/repository/net/sourceforge/htmlunit/htmlunit/2.18/htmlunit-2.18.jar:/Users/nithyamani/.m2/repository/xalan/xalan/2.7.2/xalan-2.7.2.jar:/Users/nithyamani/.m2/repository/xalan/serializer/2.7.2/serializer-2.7.2.jar:/Users/nithyamani/.m2/repository/org/apache/httpcomponents/httpmime/4.5/httpmime-4.5.jar:/Users/nithyamani/.m2/repository/net/sourceforge/htmlunit/htmlunit-core-js/2.17/htmlunit-core-js-2.17.jar:/Users/nithyamani/.m2/repository/xerces/xercesImpl/2.11.0/xercesImpl-2.11.0.jar:/Users/nithyamani/.m2/repository/xml-apis/xml-apis/1.4.01/xml-apis-1.4.01.jar:/Users/nithyamani/.m2/repository/net/sourceforge/nekohtml/nekohtml/1.9.22/nekohtml-1.9.22.jar:/Users/nithyamani/.m2/repository/net/sourceforge/cssparser/cssparser/0.9.16/cssparser-0.9.16.jar:/Users/nithyamani/.m2/repository/org/w3c/css/sac/1.3/sac-1.3.jar:/Users/nithyamani/.m2/repository/org/eclipse/jetty/websocket/websocket-client/9.2.12.v20150709/websocket-client-9.2.12.v20150709.jar:/Users/nithyamani/.m2/repository/org/eclipse/jetty/jetty-util/9.2.12.v20150709/jetty-util-9.2.12.v20150709.jar:/Users/nithyamani/.m2/repository/org/eclipse/jetty/jetty-io/9.2.12.v20150709/jetty-io-9.2.12.v20150709.jar:/Users/nithyamani/.m2/repository/org/eclipse/jetty/websocket/websocket-common/9.2.12.v20150709/websocket-common-9.2.12.v20150709.jar:/Users/nithyamani/.m2/repository/org/eclipse/jetty/websocket/websocket-api/9.2.12.v20150709/websocket-api-9.2.12.v20150709.jar:/Users/nithyamani/.m2/repository/org/seleniumhq/selenium/selenium-firefox-driver/2.52.0/selenium-firefox-driver-2.52.0.jar:/Users/nithyamani/.m2/repository/org/seleniumhq/selenium/selenium-ie-driver/2.52.0/selenium-ie-driver-2.52.0.jar:/Users/nithyamani/.m2/repository/net/java/dev/jna/jna/4.1.0/jna-4.1.0.jar:/Users/nithyamani/.m2/repository/net/java/dev/jna/jna-platform/4.1.0/jna-platform-4.1.0.jar:/Users/nithyamani/.m2/repository/org/seleniumhq/selenium/selenium-safari-driver/2.52.0/selenium-safari-driver-2.52.0.jar:/Users/nithyamani/.m2/repository/org/seleniumhq/selenium/selenium-support/2.52.0/selenium-support-2.52.0.jar:/Users/nithyamani/.m2/repository/org/webbitserver/webbit/0.4.14/webbit-0.4.14.jar:/Users/nithyamani/.m2/repository/io/netty/netty/3.5.2.Final/netty-3.5.2.Final.jar:/Users/nithyamani/.m2/repository/org/seleniumhq/selenium/selenium-leg-rc/2.52.0/selenium-leg-rc-2.52.0.jar:/Users/nithyamani/.m2/repository/com/browserstack/browserstack-local-java/0.1.0/browserstack-local-java-0.1.0.jar:/Users/nithyamani/.m2/repository/com/googlecode/json-simple/json-simple/1.1.1/json-simple-1.1.1.jar:/Users/nithyamani/.m2/repository/junit/junit/4.10/junit-4.10.jar:/Users/nithyamani/.m2/repository/org/hamcrest/hamcrest-core/1.1/hamcrest-core-1.1.jar:/Users/nithyamani/.m2/repository/io/cucumber/cucumber-testng/4.7.4/cucumber-testng-4.7.4.jar:/Users/nithyamani/.m2/repository/org/apiguardian/apiguardian-api/1.1.0/apiguardian-api-1.1.0.jar:/Users/nithyamani/.m2/repository/io/cucumber/cucumber-core/4.7.4/cucumber-core-4.7.4.jar:/Users/nithyamani/.m2/repository/io/cucumber/gherkin/5.1.0/gherkin-5.1.0.jar:/Users/nithyamani/.m2/repository/io/cucumber/tag-expressions/1.1.1/tag-expressions-1.1.1.jar:/Users/nithyamani/.m2/repository/io/cucumber/cucumber-expressions/7.0.2/cucumber-expressions-7.0.2.jar:/Users/nithyamani/.m2/repository/io/cucumber/datatable/1.1.14/datatable-1.1.14.jar:/Users/nithyamani/.m2/repository/io/cucumber/datatable-dependencies/1.1.14/datatable-dependencies-1.1.14.jar:/Users/nithyamani/.m2/repository/io/cucumber/cucumber-java/4.7.4/cucumber-java-4.7.4.jar:/Users/nithyamani/.m2/repository/org/apache/maven/surefire/surefire-testng-utils/2.22.0/surefire-testng-utils-2.22.0.jar:/Users/nithyamani/.m2/repository/org/apache/maven/surefire/surefire-grouper/2.22.0/surefire-grouper-2.22.0.jar:"/>
    <property name="java.vm.vendor" value="Oracle Corporation"/>
    <property name="sun.arch.data.model" value="64"/>
    <property name="java.vendor.url" value="http://java.oracle.com/"/>
    <property name="user.timezone" value=""/>
    <property name="user.country.format" value="IN"/>
    <property name="java.vm.specification.version" value="1.8"/>
    <property name="os.name" value="Mac OS X"/>
    <property name="user.country" value="GB"/>
    <property name="sun.java.launcher" value="SUN_STANDARD"/>
    <property name="sun.boot.library.path" value="/Library/Java/JavaVirtualMachines/jdk1.8.0_211.jdk/Contents/Home/jre/lib"/>
    <property name="sun.java.command" value="/Users/nithyamani/Desktop/MyProjects/cucumber_testng_browserstack/target/surefire/surefirebooter1371288330648450462.jar /Users/nithyamani/Desktop/MyProjects/cucumber_testng_browserstack/target/surefire 2020-03-17T19-24-44_867-jvmRun1 surefire982918388320468519tmp surefire_02340547361434881179tmp"/>
    <property name="surefire.test.class.path" value="/Users/nithyamani/Desktop/MyProjects/cucumber_testng_browserstack/target/test-classes:/Users/nithyamani/Desktop/MyProjects/cucumber_testng_browserstack/target/classes:/Users/nithyamani/.m2/repository/org/testng/testng/6.9.10/testng-6.9.10.jar:/Users/nithyamani/.m2/repository/com/beust/jcommander/1.48/jcommander-1.48.jar:/Users/nithyamani/.m2/repository/org/beanshell/bsh/2.0b4/bsh-2.0b4.jar:/Users/nithyamani/.m2/repository/io/appium/java-client/4.1.2/java-client-4.1.2.jar:/Users/nithyamani/.m2/repository/com/google/code/gson/gson/2.7/gson-2.7.jar:/Users/nithyamani/.m2/repository/org/apache/httpcomponents/httpclient/4.5.2/httpclient-4.5.2.jar:/Users/nithyamani/.m2/repository/org/apache/httpcomponents/httpcore/4.4.4/httpcore-4.4.4.jar:/Users/nithyamani/.m2/repository/commons-logging/commons-logging/1.2/commons-logging-1.2.jar:/Users/nithyamani/.m2/repository/commons-codec/commons-codec/1.9/commons-codec-1.9.jar:/Users/nithyamani/.m2/repository/com/google/guava/guava/19.0/guava-19.0.jar:/Users/nithyamani/.m2/repository/commons-validator/commons-validator/1.5.1/commons-validator-1.5.1.jar:/Users/nithyamani/.m2/repository/commons-beanutils/commons-beanutils/1.9.2/commons-beanutils-1.9.2.jar:/Users/nithyamani/.m2/repository/commons-digester/commons-digester/1.8.1/commons-digester-1.8.1.jar:/Users/nithyamani/.m2/repository/commons-collections/commons-collections/3.2.2/commons-collections-3.2.2.jar:/Users/nithyamani/.m2/repository/org/apache/commons/commons-lang3/3.4/commons-lang3-3.4.jar:/Users/nithyamani/.m2/repository/cglib/cglib-nodep/3.2.4/cglib-nodep-3.2.4.jar:/Users/nithyamani/.m2/repository/org/springframework/spring-context/4.3.2.RELEASE/spring-context-4.3.2.RELEASE.jar:/Users/nithyamani/.m2/repository/org/springframework/spring-aop/4.3.2.RELEASE/spring-aop-4.3.2.RELEASE.jar:/Users/nithyamani/.m2/repository/org/springframework/spring-beans/4.3.2.RELEASE/spring-beans-4.3.2.RELEASE.jar:/Users/nithyamani/.m2/repository/org/springframework/spring-core/4.3.2.RELEASE/spring-core-4.3.2.RELEASE.jar:/Users/nithyamani/.m2/repository/org/springframework/spring-expression/4.3.2.RELEASE/spring-expression-4.3.2.RELEASE.jar:/Users/nithyamani/.m2/repository/org/aspectj/aspectjweaver/1.8.9/aspectjweaver-1.8.9.jar:/Users/nithyamani/.m2/repository/commons-io/commons-io/1.3.2/commons-io-1.3.2.jar:/Users/nithyamani/.m2/repository/org/seleniumhq/selenium/selenium-java/2.52.0/selenium-java-2.52.0.jar:/Users/nithyamani/.m2/repository/org/seleniumhq/selenium/selenium-chrome-driver/2.52.0/selenium-chrome-driver-2.52.0.jar:/Users/nithyamani/.m2/repository/org/seleniumhq/selenium/selenium-remote-driver/2.52.0/selenium-remote-driver-2.52.0.jar:/Users/nithyamani/.m2/repository/org/seleniumhq/selenium/selenium-api/2.52.0/selenium-api-2.52.0.jar:/Users/nithyamani/.m2/repository/org/seleniumhq/selenium/selenium-edge-driver/2.52.0/selenium-edge-driver-2.52.0.jar:/Users/nithyamani/.m2/repository/org/apache/commons/commons-exec/1.3/commons-exec-1.3.jar:/Users/nithyamani/.m2/repository/org/seleniumhq/selenium/selenium-htmlunit-driver/2.52.0/selenium-htmlunit-driver-2.52.0.jar:/Users/nithyamani/.m2/repository/net/sourceforge/htmlunit/htmlunit/2.18/htmlunit-2.18.jar:/Users/nithyamani/.m2/repository/xalan/xalan/2.7.2/xalan-2.7.2.jar:/Users/nithyamani/.m2/repository/xalan/serializer/2.7.2/serializer-2.7.2.jar:/Users/nithyamani/.m2/repository/org/apache/httpcomponents/httpmime/4.5/httpmime-4.5.jar:/Users/nithyamani/.m2/repository/net/sourceforge/htmlunit/htmlunit-core-js/2.17/htmlunit-core-js-2.17.jar:/Users/nithyamani/.m2/repository/xerces/xercesImpl/2.11.0/xercesImpl-2.11.0.jar:/Users/nithyamani/.m2/repository/xml-apis/xml-apis/1.4.01/xml-apis-1.4.01.jar:/Users/nithyamani/.m2/repository/net/sourceforge/nekohtml/nekohtml/1.9.22/nekohtml-1.9.22.jar:/Users/nithyamani/.m2/repository/net/sourceforge/cssparser/cssparser/0.9.16/cssparser-0.9.16.jar:/Users/nithyamani/.m2/repository/org/w3c/css/sac/1.3/sac-1.3.jar:/Users/nithyamani/.m2/repository/org/eclipse/jetty/websocket/websocket-client/9.2.12.v20150709/websocket-client-9.2.12.v20150709.jar:/Users/nithyamani/.m2/repository/org/eclipse/jetty/jetty-util/9.2.12.v20150709/jetty-util-9.2.12.v20150709.jar:/Users/nithyamani/.m2/repository/org/eclipse/jetty/jetty-io/9.2.12.v20150709/jetty-io-9.2.12.v20150709.jar:/Users/nithyamani/.m2/repository/org/eclipse/jetty/websocket/websocket-common/9.2.12.v20150709/websocket-common-9.2.12.v20150709.jar:/Users/nithyamani/.m2/repository/org/eclipse/jetty/websocket/websocket-api/9.2.12.v20150709/websocket-api-9.2.12.v20150709.jar:/Users/nithyamani/.m2/repository/org/seleniumhq/selenium/selenium-firefox-driver/2.52.0/selenium-firefox-driver-2.52.0.jar:/Users/nithyamani/.m2/repository/org/seleniumhq/selenium/selenium-ie-driver/2.52.0/selenium-ie-driver-2.52.0.jar:/Users/nithyamani/.m2/repository/net/java/dev/jna/jna/4.1.0/jna-4.1.0.jar:/Users/nithyamani/.m2/repository/net/java/dev/jna/jna-platform/4.1.0/jna-platform-4.1.0.jar:/Users/nithyamani/.m2/repository/org/seleniumhq/selenium/selenium-safari-driver/2.52.0/selenium-safari-driver-2.52.0.jar:/Users/nithyamani/.m2/repository/org/seleniumhq/selenium/selenium-support/2.52.0/selenium-support-2.52.0.jar:/Users/nithyamani/.m2/repository/org/webbitserver/webbit/0.4.14/webbit-0.4.14.jar:/Users/nithyamani/.m2/repository/io/netty/netty/3.5.2.Final/netty-3.5.2.Final.jar:/Users/nithyamani/.m2/repository/org/seleniumhq/selenium/selenium-leg-rc/2.52.0/selenium-leg-rc-2.52.0.jar:/Users/nithyamani/.m2/repository/com/browserstack/browserstack-local-java/0.1.0/browserstack-local-java-0.1.0.jar:/Users/nithyamani/.m2/repository/com/googlecode/json-simple/json-simple/1.1.1/json-simple-1.1.1.jar:/Users/nithyamani/.m2/repository/junit/junit/4.10/junit-4.10.jar:/Users/nithyamani/.m2/repository/org/hamcrest/hamcrest-core/1.1/hamcrest-core-1.1.jar:/Users/nithyamani/.m2/repository/io/cucumber/cucumber-testng/4.7.4/cucumber-testng-4.7.4.jar:/Users/nithyamani/.m2/repository/org/apiguardian/apiguardian-api/1.1.0/apiguardian-api-1.1.0.jar:/Users/nithyamani/.m2/repository/io/cucumber/cucumber-core/4.7.4/cucumber-core-4.7.4.jar:/Users/nithyamani/.m2/repository/io/cucumber/gherkin/5.1.0/gherkin-5.1.0.jar:/Users/nithyamani/.m2/repository/io/cucumber/tag-expressions/1.1.1/tag-expressions-1.1.1.jar:/Users/nithyamani/.m2/repository/io/cucumber/cucumber-expressions/7.0.2/cucumber-expressions-7.0.2.jar:/Users/nithyamani/.m2/repository/io/cucumber/datatable/1.1.14/datatable-1.1.14.jar:/Users/nithyamani/.m2/repository/io/cucumber/datatable-dependencies/1.1.14/datatable-dependencies-1.1.14.jar:/Users/nithyamani/.m2/repository/io/cucumber/cucumber-java/4.7.4/cucumber-java-4.7.4.jar:/Users/nithyamani/.m2/repository/org/apache/maven/surefire/surefire-testng-utils/2.22.0/surefire-testng-utils-2.22.0.jar:/Users/nithyamani/.m2/repository/org/apache/maven/surefire/surefire-grouper/2.22.0/surefire-grouper-2.22.0.jar:"/>
    <property name="sun.cpu.endian" value="little"/>
    <property name="user.home" value="/Users/nithyamani"/>
    <property name="user.language" value="en"/>
    <property name="java.specification.vendor" value="Oracle Corporation"/>
    <property name="java.home" value="/Library/Java/JavaVirtualMachines/jdk1.8.0_211.jdk/Contents/Home/jre"/>
    <property name="basedir" value="/Users/nithyamani/Desktop/MyProjects/cucumber_testng_browserstack"/>
    <property name="file.separator" value="/"/>
    <property name="line.separator" value="&#10;"/>
    <property name="java.vm.specification.vendor" value="Oracle Corporation"/>
    <property name="java.specification.name" value="Java Platform API Specification"/>
    <property name="java.awt.graphicsenv" value="sun.awt.CGraphicsEnvironment"/>
    <property name="surefire.real.class.path" value="/Users/nithyamani/Desktop/MyProjects/cucumber_testng_browserstack/target/surefire/surefirebooter1371288330648450462.jar"/>
    <property name="sun.boot.class.path" value="/Library/Java/JavaVirtualMachines/jdk1.8.0_211.jdk/Contents/Home/jre/lib/resources.jar:/Library/Java/JavaVirtualMachines/jdk1.8.0_211.jdk/Contents/Home/jre/lib/rt.jar:/Library/Java/JavaVirtualMachines/jdk1.8.0_211.jdk/Contents/Home/jre/lib/sunrsasign.jar:/Library/Java/JavaVirtualMachines/jdk1.8.0_211.jdk/Contents/Home/jre/lib/jsse.jar:/Library/Java/JavaVirtualMachines/jdk1.8.0_211.jdk/Contents/Home/jre/lib/jce.jar:/Library/Java/JavaVirtualMachines/jdk1.8.0_211.jdk/Contents/Home/jre/lib/charsets.jar:/Library/Java/JavaVirtualMachines/jdk1.8.0_211.jdk/Contents/Home/jre/lib/jfr.jar:/Library/Java/JavaVirtualMachines/jdk1.8.0_211.jdk/Contents/Home/jre/classes"/>
    <property name="sun.management.compiler" value="HotSpot 64-Bit Tiered Compilers"/>
    <property name="java.runtime.version" value="1.8.0_211-b12"/>
    <property name="user.name" value="nithyamani"/>
    <property name="path.separator" value=":"/>
    <property name="os.version" value="10.15.3"/>
    <property name="java.endorsed.dirs" value="/Library/Java/JavaVirtualMachines/jdk1.8.0_211.jdk/Contents/Home/jre/lib/endorsed"/>
    <property name="java.runtime.name" value="Java(TM) SE Runtime Environment"/>
    <property name="file.encoding" value="UTF-8"/>
    <property name="java.vm.name" value="Java HotSpot(TM) 64-Bit Server VM"/>
    <property name="localRepository" value="/Users/nithyamani/.m2/repository"/>
    <property name="java.vendor.url.bug" value="http://bugreport.sun.com/bugreport/"/>
    <property name="java.io.tmpdir" value="/var/folders/qn/wwqq336s5m3gz17wjhn708400000gn/T/"/>
    <property name="java.version" value="1.8.0_211"/>
    <property name="user.dir" value="/Users/nithyamani/Desktop/MyProjects/cucumber_testng_browserstack"/>
    <property name="os.arch" value="x86_64"/>
    <property name="java.vm.specification.name" value="Java Virtual Machine Specification"/>
    <property name="java.awt.printerjob" value="sun.lwawt.macosx.CPrinterJob"/>
    <property name="sun.os.patch.level" value="unknown"/>
    <property name="java.library.path" value="/Users/nithyamani/Library/Java/Extensions:/Library/Java/Extensions:/Network/Library/Java/Extensions:/System/Library/Java/Extensions:/usr/lib/java:."/>
    <property name="java.vm.info" value="mixed mode"/>
    <property name="java.vendor" value="Oracle Corporation"/>
    <property name="java.vm.version" value="25.211-b12"/>
    <property name="java.ext.dirs" value="/Users/nithyamani/Library/Java/Extensions:/Library/Java/JavaVirtualMachines/jdk1.8.0_211.jdk/Contents/Home/jre/lib/ext:/Library/Java/Extensions:/Network/Library/Java/Extensions:/System/Library/Java/Extensions:/usr/lib/java"/>
    <property name="sun.io.unicode.encoding" value="UnicodeBig"/>
    <property name="java.class.version" value="52.0"/>
  </properties>
  <testcase name="runScenario" classname="appium_ios.RunCucumberIOSTest" time="44.512"/>
</testsuite>