<?xml version="1.0" encoding="UTF-8"?>
<!-- Generated by org.testng.reporters.JUnitReportReporter -->
<testsuite skipped="0" hostname="Nithyas-MacBook-Pro.local" name="single.RunCucumberSingleTest" tests="1" failures="0" timestamp="04 Nov 2019 11:34:55 GMT" time="20.651" errors="0">
  <testcase name="runScenario" time="20.651" classname="single.RunCucumberSingleTest"/>
</testsuite> <!-- single.RunCucumberSingleTest -->
