<?xml version="1.0" encoding="UTF-8"?>
<!-- Generated by org.testng.reporters.JUnitReportReporter -->
<testsuite skipped="0" hostname="Nithyas-MacBook-Pro.local" name="single.RunCucumberSingleTest" tests="1" failures="0" timestamp="21 Feb 2020 10:31:46 GMT" time="21.340" errors="0">
  <testcase name="runScenario" time="21.340" classname="single.RunCucumberSingleTest"/>
</testsuite> <!-- single.RunCucumberSingleTest -->
