<?xml version="1.0" encoding="UTF-8"?>
<!-- Generated by org.testng.reporters.JUnitReportReporter -->
<testsuite skipped="0" hostname="Nithyas-MacBook-Pro.local" name="parallel.RunCucumberParallelTest" tests="3" failures="0" timestamp="21 Feb 2020 10:46:40 GMT" time="33.474" errors="0">
  <testcase name="runScenario" time="12.748" classname="parallel.RunCucumberParallelTest"/>
  <testcase name="runScenario" time="7.395" classname="parallel.RunCucumberParallelTest"/>
  <testcase name="runScenario" time="13.331" classname="parallel.RunCucumberParallelTest"/>
</testsuite> <!-- parallel.RunCucumberParallelTest -->
