<?xml version="1.0" encoding="UTF-8"?>
<!-- Generated by org.testng.reporters.JUnitReportReporter -->
<testsuite skipped="0" hostname="Nithyas-MacBook-Pro.local" name="single.RunCucumberSingleTest" tests="1" failures="0" timestamp="17 Mar 2020 10:00:28 GMT" time="23.931" errors="0">
  <testcase name="runScenario" time="23.931" classname="single.RunCucumberSingleTest"/>
</testsuite> <!-- single.RunCucumberSingleTest -->
