<?xml version="1.0" encoding="UTF-8"?>
<!-- Generated by org.testng.reporters.JUnitReportReporter -->
<testsuite skipped="0" hostname="Nithyas-MacBook-Pro.local" name="local.RunCucumberLocalTest" tests="1" failures="0" timestamp="21 Feb 2020 10:33:55 GMT" time="21.922" errors="0">
  <testcase name="runScenario" time="21.922" classname="local.RunCucumberLocalTest"/>
</testsuite> <!-- local.RunCucumberLocalTest -->
