<?xml version="1.0" encoding="UTF-8"?>
<!-- Generated by org.testng.reporters.JUnitReportReporter -->
<testsuite skipped="0" hostname="Nithyas-MacBook-Pro.local" name="parallel.RunCucumberParallelTest" tests="2" failures="0" timestamp="04 Nov 2019 11:20:39 GMT" time="25.612" errors="0">
  <testcase name="runScenario" time="10.096" classname="parallel.RunCucumberParallelTest"/>
  <testcase name="runScenario" time="15.516" classname="parallel.RunCucumberParallelTest"/>
</testsuite> <!-- parallel.RunCucumberParallelTest -->
