<?xml version="1.0" encoding="UTF-8"?>
<!-- Generated by org.testng.reporters.JUnitReportReporter -->
<testsuite skipped="0" hostname="Nithyas-MacBook-Pro.local" name="parallel.RunCucumberParallelTest" tests="3" failures="0" timestamp="21 Feb 2020 10:32:48 GMT" time="36.013" errors="0">
  <testcase name="runScenario" time="13.827" classname="parallel.RunCucumberParallelTest"/>
  <testcase name="runScenario" time="7.747" classname="parallel.RunCucumberParallelTest"/>
  <testcase name="runScenario" time="14.439" classname="parallel.RunCucumberParallelTest"/>
</testsuite> <!-- parallel.RunCucumberParallelTest -->
