<?xml version="1.0" encoding="UTF-8"?>
<!-- Generated by org.testng.reporters.JUnitReportReporter -->
<testsuite skipped="0" hostname="Nithyas-MacBook-Pro.local" name="local.RunCucumberLocalTest" tests="1" failures="0" timestamp="04 Nov 2019 11:19:58 GMT" time="12.977" errors="0">
  <testcase name="runScenario" time="12.977" classname="local.RunCucumberLocalTest"/>
</testsuite> <!-- local.RunCucumberLocalTest -->
